{"numFailedTestSuites":1,"numFailedTests":1,"numPassedTestSuites":0,"numPassedTests":1,"numPendingTestSuites":0,"numPendingTests":0,"numRuntimeErrorTestSuites":0,"numTodoTests":0,"numTotalTestSuites":1,"numTotalTests":2,"openHandles":[],"snapshot":{"added":0,"didUpdate":false,"failure":false,"filesAdded":0,"filesRemoved":0,"filesRemovedList":[],"filesUnmatched":0,"filesUpdated":0,"matched":0,"total":0,"unchecked":0,"uncheckedKeysByFile":[],"unmatched":0,"updated":0},"startTime":1772554508993,"success":false,"testResults":[{"assertionResults":[{"ancestorTitles":["Image Cleanup Logic"],"duration":5,"failing":false,"failureDetails":[],"failureMessages":[],"fullName":"Image Cleanup Logic Unit: deleteImage should remove image from DB","invocations":1,"location":null,"numPassingAsserts":2,"retryReasons":[],"startAt":1772554510522,"status":"passed","title":"Unit: deleteImage should remove image from DB"},{"ancestorTitles":["Image Cleanup Logic"],"duration":241,"failing":false,"failureDetails":[{"matcherResult":{"message":"\u001b[2mexpect(\u001b[22m\u001b[31mreceived\u001b[39m\u001b[2m).\u001b[22mtoBeDefined\u001b[2m()\u001b[22m\n\nReceived: \u001b[31mundefined\u001b[39m","pass":false}}],"failureMessages":["Error: \u001b[2mexpect(\u001b[22m\u001b[31mreceived\u001b[39m\u001b[2m).\u001b[22mtoBeDefined\u001b[2m()\u001b[22m\n\nReceived: \u001b[31mundefined\u001b[39m\n    at Object.toBeDefined (C:\\Users\\conta\\.gemini\\antigravity\\scratch\\hair-salon-website\\tests\\images_cleanup.test.js:71:25)\n    at processTicksAndRejections (node:internal/process/task_queues:105:5)"],"fullName":"Image Cleanup Logic Should delete orphan images when Product is deleted OR updated","invocations":1,"location":null,"numPassingAsserts":2,"retryReasons":[],"startAt":1772554510529,"status":"failed","title":"Should delete orphan images when Product is deleted OR updated"}],"endTime":1772554510776,"message":"\u001b[1m\u001b[31m  \u001b[1m● \u001b[22m\u001b[1mImage Cleanup Logic › Should delete orphan images when Product is deleted OR updated\u001b[39m\u001b[22m\n\n    \u001b[2mexpect(\u001b[22m\u001b[31mreceived\u001b[39m\u001b[2m).\u001b[22mtoBeDefined\u001b[2m()\u001b[22m\n\n    Received: \u001b[31mundefined\u001b[39m\n\u001b[2m\u001b[22m\n\u001b[2m    \u001b[0m \u001b[90m 69 |\u001b[39m\u001b[22m\n\u001b[2m     \u001b[90m 70 |\u001b[39m         \u001b[36mconst\u001b[39m keptImg \u001b[33m=\u001b[39m \u001b[36mawait\u001b[39m db\u001b[33m.\u001b[39mgetImage(keptImgName)\u001b[33m;\u001b[39m\u001b[22m\n\u001b[2m    \u001b[31m\u001b[1m>\u001b[22m\u001b[2m\u001b[39m\u001b[90m 71 |\u001b[39m         expect(keptImg)\u001b[33m.\u001b[39mtoBeDefined()\u001b[33m;\u001b[39m\u001b[22m\n\u001b[2m     \u001b[90m    |\u001b[39m                         \u001b[31m\u001b[1m^\u001b[22m\u001b[2m\u001b[39m\u001b[22m\n\u001b[2m     \u001b[90m 72 |\u001b[39m\u001b[22m\n\u001b[2m     \u001b[90m 73 |\u001b[39m         \u001b[36mconst\u001b[39m newImg \u001b[33m=\u001b[39m \u001b[36mawait\u001b[39m db\u001b[33m.\u001b[39mgetImage(newImgName)\u001b[33m;\u001b[39m\u001b[22m\n\u001b[2m     \u001b[90m 74 |\u001b[39m         expect(newImg)\u001b[33m.\u001b[39mtoBeDefined()\u001b[33m;\u001b[39m\u001b[0m\u001b[22m\n\u001b[2m\u001b[22m\n\u001b[2m      \u001b[2mat Object.toBeDefined (\u001b[22m\u001b[2m\u001b[0m\u001b[36mtests/images_cleanup.test.js\u001b[39m\u001b[0m\u001b[2m:71:25)\u001b[22m\u001b[2m\u001b[22m\n","name":"C:\\Users\\conta\\.gemini\\antigravity\\scratch\\hair-salon-website\\tests\\images_cleanup.test.js","startTime":1772554509081,"status":"failed","summary":""}],"wasInterrupted":false}
