{"numFailedTestSuites":1,"numFailedTests":2,"numPassedTestSuites":0,"numPassedTests":3,"numPendingTestSuites":0,"numPendingTests":0,"numRuntimeErrorTestSuites":0,"numTodoTests":0,"numTotalTestSuites":1,"numTotalTests":5,"openHandles":[],"snapshot":{"added":0,"didUpdate":false,"failure":false,"filesAdded":0,"filesRemoved":0,"filesRemovedList":[],"filesUnmatched":0,"filesUpdated":0,"matched":0,"total":0,"unchecked":0,"uncheckedKeysByFile":[],"unmatched":0,"updated":0},"startTime":1774645748141,"success":false,"testResults":[{"assertionResults":[{"ancestorTitles":["Smart Scheduling Logic"],"duration":48,"failing":false,"failureDetails":[{"matcherResult":{"actual":"09:05","expected":"09:30","message":"\u001b[2mexpect(\u001b[22m\u001b[31mreceived\u001b[39m\u001b[2m).\u001b[22mtoBe\u001b[2m(\u001b[22m\u001b[32mexpected\u001b[39m\u001b[2m) // Object.is equality\u001b[22m\n\nExpected: \u001b[32m\"09:\u001b[7m3\u001b[27m0\"\u001b[39m\nReceived: \u001b[31m\"09:0\u001b[7m5\u001b[27m\"\u001b[39m","name":"toBe","pass":false}}],"failureMessages":["Error: \u001b[2mexpect(\u001b[22m\u001b[31mreceived\u001b[39m\u001b[2m).\u001b[22mtoBe\u001b[2m(\u001b[22m\u001b[32mexpected\u001b[39m\u001b[2m) // Object.is equality\u001b[22m\n\nExpected: \u001b[32m\"09:\u001b[7m3\u001b[27m0\"\u001b[39m\nReceived: \u001b[31m\"09:0\u001b[7m5\u001b[27m\"\u001b[39m\n    at Object.toBe (C:\\Users\\conta\\.gemini\\antigravity\\scratch\\hair-salon-website\\tests\\scheduling_logic.test.js:61:35)\n    at processTicksAndRejections (node:internal/process/task_queues:105:5)"],"fullName":"Smart Scheduling Logic Should return slots with 10 min granularity","invocations":1,"location":null,"numPassingAsserts":3,"retryReasons":[],"startAt":1774645749395,"status":"failed","title":"Should return slots with 10 min granularity"},{"ancestorTitles":["Smart Scheduling Logic"],"duration":11,"failing":false,"failureDetails":[{"matcherResult":{"message":"\u001b[2mexpect(\u001b[22m\u001b[31mreceived\u001b[39m\u001b[2m).\u001b[22mnot\u001b[2m.\u001b[22mtoContain\u001b[2m(\u001b[22m\u001b[32mexpected\u001b[39m\u001b[2m) // indexOf\u001b[22m\n\nExpected value: not \u001b[32m\"09:30\"\u001b[39m\nReceived array:     \u001b[31m[\"09:00\", \"09:05\", \"09:10\", \"09:15\", \"09:20\", \"09:25\", \u001b[7m\"09:30\"\u001b[27m, \"09:35\", \"09:40\", \"09:45\", \"09:50\", \"09:55\", \"10:00\", \"10:05\", \"10:10\", \"10:15\", \"10:20\", \"10:25\", \"10:30\", \"10:35\", \"10:40\", \"10:45\", \"10:50\", \"10:55\", \"11:00\"]\u001b[39m","pass":true}}],"failureMessages":["Error: \u001b[2mexpect(\u001b[22m\u001b[31mreceived\u001b[39m\u001b[2m).\u001b[22mnot\u001b[2m.\u001b[22mtoContain\u001b[2m(\u001b[22m\u001b[32mexpected\u001b[39m\u001b[2m) // indexOf\u001b[22m\n\nExpected value: not \u001b[32m\"09:30\"\u001b[39m\nReceived array:     \u001b[31m[\"09:00\", \"09:05\", \"09:10\", \"09:15\", \"09:20\", \"09:25\", \u001b[7m\"09:30\"\u001b[27m, \"09:35\", \"09:40\", \"09:45\", \"09:50\", \"09:55\", \"10:00\", \"10:05\", \"10:10\", \"10:15\", \"10:20\", \"10:25\", \"10:30\", \"10:35\", \"10:40\", \"10:45\", \"10:50\", \"10:55\", \"11:00\"]\u001b[39m\n    at Object.toContain (C:\\Users\\conta\\.gemini\\antigravity\\scratch\\hair-salon-website\\tests\\scheduling_logic.test.js:77:38)\n    at processTicksAndRejections (node:internal/process/task_queues:105:5)"],"fullName":"Smart Scheduling Logic Should return fewer slots for longer service","invocations":1,"location":null,"numPassingAsserts":4,"retryReasons":[],"startAt":1774645749445,"status":"failed","title":"Should return fewer slots for longer service"},{"ancestorTitles":["Smart Scheduling Logic"],"duration":41,"failing":false,"failureDetails":[],"failureMessages":[],"fullName":"Smart Scheduling Logic Should handle gap filling (Tetris)","invocations":1,"location":null,"numPassingAsserts":4,"retryReasons":[],"startAt":1774645749457,"status":"passed","title":"Should handle gap filling (Tetris)"},{"ancestorTitles":["Smart Scheduling Logic"],"duration":8,"failing":false,"failureDetails":[],"failureMessages":[],"fullName":"Smart Scheduling Logic Should prevent booking if slot overlaps","invocations":1,"location":null,"numPassingAsserts":2,"retryReasons":[],"startAt":1774645749499,"status":"passed","title":"Should prevent booking if slot overlaps"},{"ancestorTitles":["Smart Scheduling Logic"],"duration":6,"failing":false,"failureDetails":[],"failureMessages":[],"fullName":"Smart Scheduling Logic Should respect lunch breaks","invocations":1,"location":null,"numPassingAsserts":5,"retryReasons":[],"startAt":1774645749508,"status":"passed","title":"Should respect lunch breaks"}],"endTime":1774645749524,"message":"\u001b[1m\u001b[31m  \u001b[1m● \u001b[22m\u001b[1mSmart Scheduling Logic › Should return slots with 10 min granularity\u001b[39m\u001b[22m\n\n    \u001b[2mexpect(\u001b[22m\u001b[31mreceived\u001b[39m\u001b[2m).\u001b[22mtoBe\u001b[2m(\u001b[22m\u001b[32mexpected\u001b[39m\u001b[2m) // Object.is equality\u001b[22m\n\n    Expected: \u001b[32m\"09:\u001b[7m3\u001b[27m0\"\u001b[39m\n    Received: \u001b[31m\"09:0\u001b[7m5\u001b[27m\"\u001b[39m\n\u001b[2m\u001b[22m\n\u001b[2m    \u001b[0m \u001b[90m 59 |\u001b[39m         expect(res\u001b[33m.\u001b[39mbody\u001b[33m.\u001b[39mslots[\u001b[35m0\u001b[39m])\u001b[33m.\u001b[39mtoBe(\u001b[32m'09:00'\u001b[39m)\u001b[33m;\u001b[39m\u001b[22m\n\u001b[2m     \u001b[90m 60 |\u001b[39m         \u001b[90m// With dynamic grid (30 min service), next slot is 09:30\u001b[39m\u001b[22m\n\u001b[2m    \u001b[31m\u001b[1m>\u001b[22m\u001b[2m\u001b[39m\u001b[90m 61 |\u001b[39m         expect(res\u001b[33m.\u001b[39mbody\u001b[33m.\u001b[39mslots[\u001b[35m1\u001b[39m])\u001b[33m.\u001b[39mtoBe(\u001b[32m'09:30'\u001b[39m)\u001b[33m;\u001b[39m\u001b[22m\n\u001b[2m     \u001b[90m    |\u001b[39m                                   \u001b[31m\u001b[1m^\u001b[22m\u001b[2m\u001b[39m\u001b[22m\n\u001b[2m     \u001b[90m 62 |\u001b[39m\u001b[22m\n\u001b[2m     \u001b[90m 63 |\u001b[39m         \u001b[90m// 09:00, 09:30, 10:00, 10:30, 11:00, 11:30.\u001b[39m\u001b[22m\n\u001b[2m     \u001b[90m 64 |\u001b[39m         expect(res\u001b[33m.\u001b[39mbody\u001b[33m.\u001b[39mslots)\u001b[33m.\u001b[39mtoContain(\u001b[32m'11:30'\u001b[39m)\u001b[33m;\u001b[39m\u001b[0m\u001b[22m\n\u001b[2m\u001b[22m\n\u001b[2m      \u001b[2mat Object.toBe (\u001b[22m\u001b[2m\u001b[0m\u001b[36mtests/scheduling_logic.test.js\u001b[39m\u001b[0m\u001b[2m:61:35)\u001b[22m\u001b[2m\u001b[22m\n\n\u001b[1m\u001b[31m  \u001b[1m● \u001b[22m\u001b[1mSmart Scheduling Logic › Should return fewer slots for longer service\u001b[39m\u001b[22m\n\n    \u001b[2mexpect(\u001b[22m\u001b[31mreceived\u001b[39m\u001b[2m).\u001b[22mnot\u001b[2m.\u001b[22mtoContain\u001b[2m(\u001b[22m\u001b[32mexpected\u001b[39m\u001b[2m) // indexOf\u001b[22m\n\n    Expected value: not \u001b[32m\"09:30\"\u001b[39m\n    Received array:     \u001b[31m[\"09:00\", \"09:05\", \"09:10\", \"09:15\", \"09:20\", \"09:25\", \u001b[7m\"09:30\"\u001b[27m, \"09:35\", \"09:40\", \"09:45\", \"09:50\", \"09:55\", \"10:00\", \"10:05\", \"10:10\", \"10:15\", \"10:20\", \"10:25\", \"10:30\", \"10:35\", \"10:40\", \"10:45\", \"10:50\", \"10:55\", \"11:00\"]\u001b[39m\n\u001b[2m\u001b[22m\n\u001b[2m    \u001b[0m \u001b[90m 75 |\u001b[39m         expect(res60\u001b[33m.\u001b[39mbody\u001b[33m.\u001b[39mslots)\u001b[33m.\u001b[39mtoContain(\u001b[32m'10:00'\u001b[39m)\u001b[33m;\u001b[39m\u001b[22m\n\u001b[2m     \u001b[90m 76 |\u001b[39m         expect(res60\u001b[33m.\u001b[39mbody\u001b[33m.\u001b[39mslots)\u001b[33m.\u001b[39mtoContain(\u001b[32m'11:00'\u001b[39m)\u001b[33m;\u001b[39m\u001b[22m\n\u001b[2m    \u001b[31m\u001b[1m>\u001b[22m\u001b[2m\u001b[39m\u001b[90m 77 |\u001b[39m         expect(res60\u001b[33m.\u001b[39mbody\u001b[33m.\u001b[39mslots)\u001b[33m.\u001b[39mnot\u001b[33m.\u001b[39mtoContain(\u001b[32m'09:30'\u001b[39m)\u001b[33m;\u001b[39m \u001b[90m// 60 min steps\u001b[39m\u001b[22m\n\u001b[2m     \u001b[90m    |\u001b[39m                                      \u001b[31m\u001b[1m^\u001b[22m\u001b[2m\u001b[39m\u001b[22m\n\u001b[2m     \u001b[90m 78 |\u001b[39m     })\u001b[33m;\u001b[39m\u001b[22m\n\u001b[2m     \u001b[90m 79 |\u001b[39m\u001b[22m\n\u001b[2m     \u001b[90m 80 |\u001b[39m     test(\u001b[32m'Should handle gap filling (Tetris)'\u001b[39m\u001b[33m,\u001b[39m \u001b[36masync\u001b[39m () \u001b[33m=>\u001b[39m {\u001b[0m\u001b[22m\n\u001b[2m\u001b[22m\n\u001b[2m      \u001b[2mat Object.toContain (\u001b[22m\u001b[2m\u001b[0m\u001b[36mtests/scheduling_logic.test.js\u001b[39m\u001b[0m\u001b[2m:77:38)\u001b[22m\u001b[2m\u001b[22m\n","name":"C:\\Users\\conta\\.gemini\\antigravity\\scratch\\hair-salon-website\\tests\\scheduling_logic.test.js","startTime":1774645748194,"status":"failed","summary":""}],"wasInterrupted":false}
